SF:lib\game_screen.dart
DA:11,0
DA:13,0
DA:14,0
DA:24,1
DA:25,6
DA:29,0
DA:30,0
DA:31,0
DA:33,0
DA:35,0
DA:37,0
DA:38,0
DA:39,0
DA:40,0
DA:41,0
DA:43,0
DA:44,0
DA:45,0
DA:47,0
DA:57,0
DA:59,0
DA:60,0
DA:66,0
DA:67,0
DA:68,0
DA:70,0
DA:71,0
DA:72,0
DA:74,0
DA:75,0
DA:76,0
DA:77,0
DA:78,0
DA:79,0
DA:80,0
DA:81,0
DA:82,0
DA:86,0
DA:88,0
DA:90,0
DA:92,0
DA:93,0
DA:94,0
DA:95,0
DA:102,0
DA:104,0
DA:106,0
DA:110,0
DA:111,0
DA:112,0
DA:113,0
DA:115,0
DA:116,0
DA:117,0
DA:118,0
DA:119,0
DA:121,0
DA:122,0
DA:125,0
DA:127,0
DA:130,0
DA:131,0
DA:132,0
DA:133,0
DA:135,0
DA:136,0
DA:137,0
DA:139,0
DA:147,0
DA:148,0
DA:152,0
DA:157,0
LF:72
LH:2
end_of_record
SF:lib\const\consts.dart
DA:81,3
DA:84,5
DA:89,4
LF:3
LH:3
end_of_record
SF:lib\game\figure_widget.dart
DA:3,0
DA:4,0
DA:8,0
DA:10,0
LF:4
LH:0
end_of_record
SF:lib\game\hidden_letter.dart
DA:4,0
DA:5,0
DA:9,0
DA:10,0
DA:13,0
DA:15,0
LF:6
LH:0
end_of_record
